*** Using Compiler 'V6.23', folder: 'D:\software\keil_v5\ARM\ARMCLANG\Bin'
Build target 'Target_1'
compiling system_n32g031.c...
compiling n32g031_exti.c...
assembling startup_n32g031.s...
compiling misc.c...
compiling n32g031_crc.c...
compiling n32g031_dbg.c...
compiling n32g031_dma.c...
compiling n32g031_beeper.c...
compiling n32g031_comp.c...
compiling n32g031_gpio.c...
compiling n32g031_adc.c...
compiling n32g031_flash.c...
compiling n32g031_hdiv.c...
compiling n32g031_iwdg.c...
compiling n32g031_i2c.c...
compiling n32g031_lpuart.c...
compiling n32g031_pwr.c...
compiling n32g031_opamp.c...
compiling n32g031_lptim.c...
compiling n32g031_sqrt.c...
compiling n32g031_spi.c...
compiling n32g031_rcc.c...
compiling n32g031_wwdg.c...
compiling main.c...
compiling n32g031_usart.c...
compiling n32g031_rtc.c...
compiling n32g031_tim.c...
compiling n32g031_it.c...
compiling LED.c...
compiling SelfCheck.c...
compiling ch455g.c...
compiling LCD.c...
linking...
Program Size: Code=5604 RO-data=252 RW-data=4 ZI-data=1648  
FromELF: creating hex file...
After Build - User command #1: fromelf --bin --output=.\Objects\N32G031Test.bin .\Objects\N32G031Test.axf
".\Objects\N32G031Test.axf" - 0 Error(s), 0 Warning(s).
Build Time Elapsed:  00:00:01
